<?xml version="1.0" encoding="UTF-8"?>
<testng-results ignored="0" total="1" passed="1" failed="0" skipped="0">
  <reporter-output>
  </reporter-output>
  <suite started-at="2023-02-12T15:26:14 IST" name="Default suite" finished-at="2023-02-12T15:26:21 IST" duration-ms="6642">
    <groups>
    </groups>
    <test started-at="2023-02-12T15:26:14 IST" name="Default test" finished-at="2023-02-12T15:26:21 IST" duration-ms="6642">
      <class name="Authentication.Auth2_Authentication">
        <test-method signature="authentication()[pri:0, instance:Authentication.Auth2_Authentication@2bfc268b]" started-at="2023-02-12T15:26:14 IST" name="authentication" finished-at="2023-02-12T15:26:21 IST" duration-ms="6531" status="PASS">
          <reporter-output>
          </reporter-output>
        </test-method> <!-- authentication -->
      </class> <!-- Authentication.Auth2_Authentication -->
    </test> <!-- Default test -->
  </suite> <!-- Default suite -->
</testng-results>
